CRITICAL - 2021-11-05 10:11:51 --> validateUser is not a valid rule.
#0 C:\xampp\htdocs\uts\vendor\codeigniter4\framework\system\Validation\Validation.php(285): CodeIgniter\Validation\Exceptions\ValidationException::forRuleNotFound('validateUser')
#1 C:\xampp\htdocs\uts\vendor\codeigniter4\framework\system\Validation\Validation.php(151): CodeIgniter\Validation\Validation->processRules('password', 'password', '12345678', Array, Array)
#2 C:\xampp\htdocs\uts\vendor\codeigniter4\framework\system\Controller.php(160): CodeIgniter\Validation\Validation->run()
#3 C:\xampp\htdocs\uts\app\Controllers\UserController.php(27): CodeIgniter\Controller->validate(Array, Array)
#4 C:\xampp\htdocs\uts\vendor\codeigniter4\framework\system\CodeIgniter.php(802): App\Controllers\UserController->login()
#5 C:\xampp\htdocs\uts\vendor\codeigniter4\framework\system\CodeIgniter.php(399): CodeIgniter\CodeIgniter->runController(Object(App\Controllers\UserController))
#6 C:\xampp\htdocs\uts\vendor\codeigniter4\framework\system\CodeIgniter.php(317): CodeIgniter\CodeIgniter->handleRequest(NULL, Object(Config\Cache), false)
#7 C:\xampp\htdocs\uts\public\index.php(37): CodeIgniter\CodeIgniter->run()
#8 C:\xampp\htdocs\uts\vendor\codeigniter4\framework\system\Commands\Server\rewrite.php(43): require_once('C:\\xampp\\htdocs...')
#9 {main}
CRITICAL - 2021-11-05 10:12:54 --> validateUser is not a valid rule.
#0 C:\xampp\htdocs\uts\vendor\codeigniter4\framework\system\Validation\Validation.php(285): CodeIgniter\Validation\Exceptions\ValidationException::forRuleNotFound('validateUser')
#1 C:\xampp\htdocs\uts\vendor\codeigniter4\framework\system\Validation\Validation.php(151): CodeIgniter\Validation\Validation->processRules('password', 'password', '12345678', Array, Array)
#2 C:\xampp\htdocs\uts\vendor\codeigniter4\framework\system\Controller.php(160): CodeIgniter\Validation\Validation->run()
#3 C:\xampp\htdocs\uts\app\Controllers\UserController.php(27): CodeIgniter\Controller->validate(Array, Array)
#4 C:\xampp\htdocs\uts\vendor\codeigniter4\framework\system\CodeIgniter.php(802): App\Controllers\UserController->login()
#5 C:\xampp\htdocs\uts\vendor\codeigniter4\framework\system\CodeIgniter.php(399): CodeIgniter\CodeIgniter->runController(Object(App\Controllers\UserController))
#6 C:\xampp\htdocs\uts\vendor\codeigniter4\framework\system\CodeIgniter.php(317): CodeIgniter\CodeIgniter->handleRequest(NULL, Object(Config\Cache), false)
#7 C:\xampp\htdocs\uts\public\index.php(37): CodeIgniter\CodeIgniter->run()
#8 C:\xampp\htdocs\uts\vendor\codeigniter4\framework\system\Commands\Server\rewrite.php(43): require_once('C:\\xampp\\htdocs...')
#9 {main}
CRITICAL - 2021-11-05 10:19:31 --> Invalid file: admin/dashboard.php
#0 C:\xampp\htdocs\uts\vendor\codeigniter4\framework\system\View\View.php(198): CodeIgniter\Exceptions\FrameworkException::forInvalidFile('admin/dashboard...')
#1 C:\xampp\htdocs\uts\vendor\codeigniter4\framework\system\Common.php(1092): CodeIgniter\View\View->render('admin/dashboard', Array, true)
#2 C:\xampp\htdocs\uts\app\Controllers\AdminController.php(18): view('admin/dashboard')
#3 C:\xampp\htdocs\uts\vendor\codeigniter4\framework\system\CodeIgniter.php(802): App\Controllers\AdminController->index()
#4 C:\xampp\htdocs\uts\vendor\codeigniter4\framework\system\CodeIgniter.php(399): CodeIgniter\CodeIgniter->runController(Object(App\Controllers\AdminController))
#5 C:\xampp\htdocs\uts\vendor\codeigniter4\framework\system\CodeIgniter.php(317): CodeIgniter\CodeIgniter->handleRequest(NULL, Object(Config\Cache), false)
#6 C:\xampp\htdocs\uts\public\index.php(37): CodeIgniter\CodeIgniter->run()
#7 C:\xampp\htdocs\uts\vendor\codeigniter4\framework\system\Commands\Server\rewrite.php(43): require_once('C:\\xampp\\htdocs...')
#8 {main}
CRITICAL - 2021-11-05 11:31:53 --> Undefined index: gambar_sampul
#0 C:\xampp\htdocs\uts\app\Views\admin\dashboard.php(27): CodeIgniter\Debug\Exceptions->errorHandler(8, 'Undefined index...', 'C:\\xampp\\htdocs...', 27, Array)
#1 C:\xampp\htdocs\uts\vendor\codeigniter4\framework\system\View\View.php(214): include('C:\\xampp\\htdocs...')
#2 C:\xampp\htdocs\uts\vendor\codeigniter4\framework\system\View\View.php(217): CodeIgniter\View\View->CodeIgniter\View\{closure}()
#3 C:\xampp\htdocs\uts\vendor\codeigniter4\framework\system\Common.php(1092): CodeIgniter\View\View->render('admin/dashboard', Array, true)
#4 C:\xampp\htdocs\uts\app\Controllers\AdminController.php(21): view('admin/dashboard', Array)
#5 C:\xampp\htdocs\uts\vendor\codeigniter4\framework\system\CodeIgniter.php(802): App\Controllers\AdminController->index()
#6 C:\xampp\htdocs\uts\vendor\codeigniter4\framework\system\CodeIgniter.php(399): CodeIgniter\CodeIgniter->runController(Object(App\Controllers\AdminController))
#7 C:\xampp\htdocs\uts\vendor\codeigniter4\framework\system\CodeIgniter.php(317): CodeIgniter\CodeIgniter->handleRequest(NULL, Object(Config\Cache), false)
#8 C:\xampp\htdocs\uts\public\index.php(37): CodeIgniter\CodeIgniter->run()
#9 C:\xampp\htdocs\uts\vendor\codeigniter4\framework\system\Commands\Server\rewrite.php(43): require_once('C:\\xampp\\htdocs...')
#10 {main}
